#
# There is insufficient memory for the Java Runtime Environment to continue.
# Native memory allocation (malloc) failed to allocate 1495856 bytes for Chunk::new
# Possible reasons:
#   The system is out of physical RAM or swap space
#   The process is running with CompressedOops enabled, and the Java Heap may be blocking the growth of the native heap
# Possible solutions:
#   Reduce memory load on the system
#   Increase physical memory or swap space
#   Check if swap backing store is full
#   Decrease Java heap size (-Xmx/-Xms)
#   Decrease number of Java threads
#   Decrease Java thread stack sizes (-Xss)
#   Set larger code cache with -XX:ReservedCodeCacheSize=
#   JVM is running with Unscaled Compressed Oops mode in which the Java heap is
#     placed in the first 4GB address space. The Java Heap base address is the
#     maximum limit for the native heap growth. Please use -XX:HeapBaseMinAddress
#     to set the Java Heap base and to place the Java Heap above 4GB virtual address.
# This output file may be truncated or incomplete.
#
#  Out of Memory Error (allocation.cpp:389), pid=9476, tid=0x00000000000028d0
#
# JRE version: OpenJDK Runtime Environment (8.0_242-b01) (build 1.8.0_242-release-1644-b01)
# Java VM: OpenJDK 64-Bit Server VM (25.242-b01 mixed mode windows-amd64 compressed oops)
# Failed to write core dump. Minidumps are not enabled by default on client versions of Windows
#

---------------  T H R E A D  ---------------

Current thread (0x00000000171d0000):  JavaThread "C2 CompilerThread0" daemon [_thread_in_native, id=10448, stack(0x0000000018850000,0x0000000018950000)]

Stack: [0x0000000018850000,0x0000000018950000]
[error occurred during error reporting (printing stack bounds), id 0xc0000005]

Native frames: (J=compiled Java code, j=interpreted, Vv=VM code, C=native code)


Current CompileTask:
C2:14456189 27105       4       com.android.tools.r8.u.b.W::c (1138 bytes)


---------------  P R O C E S S  ---------------

Java Threads: ( => current thread )
  0x000000001e5fc000 JavaThread "ForkJoinPool-19-worker-0" daemon [_thread_blocked, id=2000, stack(0x0000000029bc0000,0x0000000029cc0000)]
  0x000000001e5fb000 JavaThread "ForkJoinPool-19-worker-3" daemon [_thread_blocked, id=13692, stack(0x0000000029ac0000,0x0000000029bc0000)]
  0x000000001e5fa800 JavaThread "ForkJoinPool-19-worker-2" daemon [_thread_blocked, id=1116, stack(0x0000000027830000,0x0000000027930000)]
  0x000000001e5fc800 JavaThread "ForkJoinPool-19-worker-1" daemon [_thread_blocked, id=12316, stack(0x0000000027730000,0x0000000027830000)]
  0x000000001e5ef000 JavaThread "WorkerExecutor Queue Thread 4" [_thread_blocked, id=6692, stack(0x0000000026da0000,0x0000000026ea0000)]
  0x000000001e5ed800 JavaThread "WorkerExecutor Queue Thread 3" [_thread_blocked, id=1452, stack(0x0000000026ca0000,0x0000000026da0000)]
  0x000000001e5f3800 JavaThread "stdout" [_thread_in_native, id=6724, stack(0x0000000026ba0000,0x0000000026ca0000)]
  0x000000002071e800 JavaThread "stderr" [_thread_in_native, id=4744, stack(0x00000000262a0000,0x00000000263a0000)]
  0x0000000020720800 JavaThread "pool-36-thread-1" [_thread_blocked, id=4888, stack(0x0000000025b70000,0x0000000025c70000)]
  0x0000000020720000 JavaThread "WorkerExecutor Queue Thread 2" [_thread_blocked, id=12172, stack(0x00000000256a0000,0x00000000257a0000)]
  0x0000000020722000 JavaThread "WorkerExecutor Queue" [_thread_blocked, id=14140, stack(0x00000000255a0000,0x00000000256a0000)]
  0x0000000020718800 JavaThread "Cache worker for execution history cache (C:\Users\Andres\Desktop\Apps\Apliacion-40\ejerciciosmas40\.gradle\6.1.1\executionHistory)" [_thread_blocked, id=12432, stack(0x00000000251a0000,0x00000000252a0000)]
  0x000000002071b800 JavaThread "Execution worker for ':' Thread 3" [_thread_blocked, id=2520, stack(0x00000000250a0000,0x00000000251a0000)]
  0x000000002071a000 JavaThread "Execution worker for ':' Thread 2" [_thread_blocked, id=6584, stack(0x0000000024fa0000,0x00000000250a0000)]
  0x000000002071d800 JavaThread "Execution worker for ':'" [_thread_blocked, id=5732, stack(0x0000000024950000,0x0000000024a50000)]
  0x0000000020717000 JavaThread "Cache worker for file content cache (C:\Users\Andres\Desktop\Apps\Apliacion-40\ejerciciosmas40\.gradle\6.1.1\fileContent)" [_thread_blocked, id=11504, stack(0x0000000024850000,0x0000000024950000)]
  0x000000001d844800 JavaThread "Cache worker for Build Output Cleanup Cache (C:\Users\Andres\Desktop\Apps\Apliacion-40\ejerciciosmas40\.gradle\buildOutputCleanup)" [_thread_blocked, id=1332, stack(0x0000000024150000,0x0000000024250000)]
  0x000000001d843800 JavaThread "pool-35-thread-1" [_thread_blocked, id=2496, stack(0x0000000023450000,0x0000000023550000)]
  0x000000001d846800 JavaThread "Build operations Thread 4" [_thread_blocked, id=11252, stack(0x0000000023150000,0x0000000023250000)]
  0x000000001d843000 JavaThread "Build operations Thread 3" [_thread_blocked, id=4792, stack(0x0000000022c50000,0x0000000022d50000)]
  0x000000001d83b800 JavaThread "Build operations Thread 2" [_thread_blocked, id=6808, stack(0x0000000021970000,0x0000000021a70000)]
  0x000000001d842000 JavaThread "Build operations" [_thread_blocked, id=8604, stack(0x0000000021870000,0x0000000021970000)]
  0x000000001d841800 JavaThread "Cache worker for cache directory md-rule (C:\Users\Andres\.gradle\caches\6.1.1\md-rule)" [_thread_blocked, id=4824, stack(0x0000000021770000,0x0000000021870000)]
  0x000000001d840800 JavaThread "Cache worker for cache directory md-supplier (C:\Users\Andres\.gradle\caches\6.1.1\md-supplier)" [_thread_blocked, id=6784, stack(0x0000000020b70000,0x0000000020c70000)]
  0x000000001d840000 JavaThread "Cache worker for file hash cache (C:\Users\Andres\Desktop\Apps\Apliacion-40\ejerciciosmas40\.gradle\6.1.1\fileHashes)" [_thread_blocked, id=13784, stack(0x000000001f5d0000,0x000000001f6d0000)]
  0x000000001d838800 JavaThread "Cache worker for checksums cache (C:\Users\Andres\Desktop\Apps\Apliacion-40\ejerciciosmas40\.gradle\checksums)" [_thread_blocked, id=7888, stack(0x000000001f1e0000,0x000000001f2e0000)]
  0x000000001d83d800 JavaThread "Thread-362" [_thread_blocked, id=13296, stack(0x000000001f0e0000,0x000000001f1e0000)]
  0x000000001d839000 JavaThread "Stdin handler" [_thread_blocked, id=2408, stack(0x000000001caa0000,0x000000001cba0000)]
  0x000000001d83d000 JavaThread "Asynchronous log dispatcher for DefaultDaemonConnection: socket connection from /127.0.0.1:62458 to /127.0.0.1:49931" [_thread_blocked, id=12360, stack(0x000000001c7a0000,0x000000001c8a0000)]
  0x0000000018d07800 JavaThread "Cancel handler" [_thread_blocked, id=9956, stack(0x000000001c3a0000,0x000000001c4a0000)]
  0x0000000018d0a800 JavaThread "Handler for socket connection from /127.0.0.1:62458 to /127.0.0.1:49931" [_thread_in_native, id=12396, stack(0x000000001c2a0000,0x000000001c3a0000)]
  0x000000002071c000 JavaThread "Daemon worker Thread 12" [_thread_blocked, id=10612, stack(0x000000001c6a0000,0x000000001c7a0000)]
  0x0000000020719000 JavaThread "Daemon Thread 12" [_thread_blocked, id=12996, stack(0x0000000000930000,0x0000000000a30000)]
  0x000000002071f000 JavaThread "Cache worker for Java compile cache (C:\Users\Andres\.gradle\caches\6.1.1\javaCompile)" [_thread_blocked, id=12716, stack(0x0000000024ea0000,0x0000000024fa0000)]
  0x000000001e5ee800 JavaThread "Cache worker for file content cache (C:\Users\Andres\.gradle\caches\6.1.1\fileContent)" [_thread_blocked, id=12692, stack(0x0000000024050000,0x0000000024150000)]
  0x000000001e5f5000 JavaThread "Memory manager" [_thread_blocked, id=5724, stack(0x0000000023f50000,0x0000000024050000)]
  0x0000000018d08000 JavaThread "Cache worker for execution history cache (C:\Users\Andres\.gradle\caches\6.1.1\executionHistory)" [_thread_blocked, id=384, stack(0x0000000020c70000,0x0000000020d70000)]
  0x0000000018d06800 JavaThread "Cache worker for file hash cache (C:\Users\Andres\.gradle\caches\6.1.1\fileHashes)" [_thread_blocked, id=12764, stack(0x000000001f3b0000,0x000000001f4b0000)]
  0x0000000018d04800 JavaThread "File lock request listener" [_thread_in_native, id=11536, stack(0x000000001efe0000,0x000000001f0e0000)]
  0x0000000018f2f000 JavaThread "Cache worker for journal cache (C:\Users\Andres\.gradle\caches\journal-1)" [_thread_blocked, id=5952, stack(0x000000001f4d0000,0x000000001f5d0000)]
  0x0000000018ea2800 JavaThread "Daemon periodic checks" [_thread_blocked, id=7904, stack(0x000000001c1a0000,0x000000001c2a0000)]
  0x00000000196d9000 JavaThread "Incoming local TCP Connector on port 62458" [_thread_in_native, id=13160, stack(0x000000001bf30000,0x000000001c030000)]
  0x000000001a686000 JavaThread "Daemon health stats" [_thread_in_Java, id=4556, stack(0x000000001b8f0000,0x000000001b9f0000)]
  0x000000001722e800 JavaThread "Service Thread" daemon [_thread_blocked, id=13068, stack(0x0000000018f50000,0x0000000019050000)]
  0x00000000171f4000 JavaThread "C1 CompilerThread2" daemon [_thread_in_native, id=3340, stack(0x0000000018a50000,0x0000000018b50000)]
  0x00000000171da000 JavaThread "C2 CompilerThread1" daemon [_thread_in_native, id=9368, stack(0x0000000018950000,0x0000000018a50000)]
=>0x00000000171d0000 JavaThread "C2 CompilerThread0" daemon [_thread_in_native, id=10448, stack(0x0000000018850000,0x0000000018950000)]
  0x00000000171d6000 JavaThread "Attach Listener" daemon [_thread_blocked, id=10932, stack(0x0000000018750000,0x0000000018850000)]
  0x00000000171d4800 JavaThread "Signal Dispatcher" daemon [_thread_blocked, id=12628, stack(0x0000000018650000,0x0000000018750000)]
  0x000000000250b000 JavaThread "Finalizer" daemon [_thread_blocked, id=8388, stack(0x0000000018430000,0x0000000018530000)]
  0x00000000171b9000 JavaThread "Reference Handler" daemon [_thread_blocked, id=424, stack(0x0000000018330000,0x0000000018430000)]
  0x00000000025ad800 JavaThread "main" [_thread_blocked, id=9280, stack(0x00000000022d0000,0x00000000023d0000)]

Other Threads:
  0x0000000017196000 VMThread [stack: 0x0000000018230000,0x0000000018330000] [id=1092]
  0x0000000018b7c800 WatcherThread [stack: 0x0000000019050000,0x0000000019150000] [id=8092]

VM state:not at safepoint (normal execution)

VM Mutex/Monitor currently owned by a thread: None

heap address: 0x0000000080000000, size: 2048 MB, Compressed Oops mode: 32-bit
Narrow klass base: 0x0000000000000000, Narrow klass shift: 3
Compressed class space size: 1073741824 Address: 0x0000000100000000

Heap:
 PSYoungGen      total 632320K, used 235915K [0x00000000d5580000, 0x0000000100000000, 0x0000000100000000)
  eden space 598528K, 35% used [0x00000000d5580000,0x00000000e2722ed0,0x00000000f9e00000)
  from space 33792K, 62% used [0x00000000fce80000,0x00000000fe33ff70,0x00000000fef80000)
  to   space 49664K, 0% used [0x00000000f9e00000,0x00000000f9e00000,0x00000000fce80000)
 ParOldGen       total 200704K, used 145010K [0x0000000080000000, 0x000000008c400000, 0x00000000d5580000)
  object space 200704K, 72% used [0x0000000080000000,0x0000000088d9c808,0x000000008c400000)
 Metaspace       used 96761K, capacity 102614K, committed 102824K, reserved 1138688K
  class space    used 12319K, capacity 13376K, committed 13488K, reserved 1048576K

Card table byte_map: [0x0000000011970000,0x0000000011d80000] byte_map_base: 0x0000000011570000

Marking Bits: (ParMarkBitMap*) 0x000000007182f030
 Begin Bits: [0x0000000012430000, 0x0000000014430000)
 End Bits:   [0x0000000014430000, 0x0000000016430000)

Polling page: 0x0000000000ac0000

CodeCache: size=245760Kb used=72454Kb max_used=73455Kb free=173305Kb
 bounds [0x00000000025b0000, 0x0000000006e00000, 0x00000000115b0000]
 total_blobs=20709 nmethods=19824 adapters=793
 compilation: enabled

Compilation events (10 events):
Event: 14450.771 Thread 0x00000000171d0000 27100       4       java.util.LinkedList::addAll (10 bytes)
Event: 14450.791 Thread 0x00000000171d0000 nmethod 27100 0x0000000003d905d0 code [0x0000000003d90720, 0x0000000003d90998]
Event: 14450.798 Thread 0x00000000171d0000 27102       4       com.android.tools.r8.ir.optimize.l$$Lambda$755/1199597906::accept (24 bytes)
Event: 14451.456 Thread 0x00000000171d0000 nmethod 27102 0x0000000005f5aad0 code [0x0000000005f5acc0, 0x0000000005f5b6e8]
Event: 14451.457 Thread 0x00000000171d0000 27105       4       com.android.tools.r8.u.b.W::c (1138 bytes)
Event: 14451.457 Thread 0x00000000171da000 nmethod 27101 0x00000000069b50d0 code [0x00000000069b52c0, 0x00000000069b5cc8]
Event: 14451.457 Thread 0x00000000171da000 27116       4       com.android.tools.r8.ir.optimize.Z::a (583 bytes)
Event: 14451.972 Thread 0x00000000171da000 nmethod 27116 0x0000000006cf61d0 code [0x0000000006cf6520, 0x0000000006cf8298]
Event: 14451.972 Thread 0x00000000171da000 27120       4       com.android.tools.r8.ir.regalloc.a::i (610 bytes)
Event: 14454.034 Thread 0x00000000171f4000 27123       3       com.android.tools.r8.ir.conversion.K::a (951 bytes)

GC Heap History (10 events):
Event: 4469.523 GC heap before
{Heap before GC invocations=22 (full 4):
 PSYoungGen      total 638976K, used 596172K [0x00000000d5580000, 0x0000000100000000, 0x0000000100000000)
  eden space 587776K, 100% used [0x00000000d5580000,0x00000000f9380000,0x00000000f9380000)
  from space 51200K, 16% used [0x00000000f9380000,0x00000000f9bb30b8,0x00000000fc580000)
  to   space 50176K, 0% used [0x00000000fcf00000,0x00000000fcf00000,0x0000000100000000)
 ParOldGen       total 200704K, used 139198K [0x0000000080000000, 0x000000008c400000, 0x00000000d5580000)
  object space 200704K, 69% used [0x0000000080000000,0x00000000887efb80,0x000000008c400000)
 Metaspace       used 95329K, capacity 101110K, committed 101160K, reserved 1136640K
  class space    used 12273K, capacity 13320K, committed 13360K, reserved 1048576K
Event: 4470.004 GC heap after
Heap after GC invocations=22 (full 4):
 PSYoungGen      total 642560K, used 12576K [0x00000000d5580000, 0x00000000ffb00000, 0x0000000100000000)
  eden space 597504K, 0% used [0x00000000d5580000,0x00000000d5580000,0x00000000f9d00000)
  from space 45056K, 27% used [0x00000000fcf00000,0x00000000fdb48158,0x00000000ffb00000)
  to   space 48128K, 0% used [0x00000000f9d00000,0x00000000f9d00000,0x00000000fcc00000)
 ParOldGen       total 200704K, used 139206K [0x0000000080000000, 0x000000008c400000, 0x00000000d5580000)
  object space 200704K, 69% used [0x0000000080000000,0x00000000887f1b80,0x000000008c400000)
 Metaspace       used 95329K, capacity 101110K, committed 101160K, reserved 1136640K
  class space    used 12273K, capacity 13320K, committed 13360K, reserved 1048576K
}
Event: 4959.454 GC heap before
{Heap before GC invocations=23 (full 4):
 PSYoungGen      total 642560K, used 610080K [0x00000000d5580000, 0x00000000ffb00000, 0x0000000100000000)
  eden space 597504K, 100% used [0x00000000d5580000,0x00000000f9d00000,0x00000000f9d00000)
  from space 45056K, 27% used [0x00000000fcf00000,0x00000000fdb48158,0x00000000ffb00000)
  to   space 48128K, 0% used [0x00000000f9d00000,0x00000000f9d00000,0x00000000fcc00000)
 ParOldGen       total 200704K, used 139206K [0x0000000080000000, 0x000000008c400000, 0x00000000d5580000)
  object space 200704K, 69% used [0x0000000080000000,0x00000000887f1b80,0x000000008c400000)
 Metaspace       used 95968K, capacity 101666K, committed 101928K, reserved 1138688K
  class space    used 12289K, capacity 13360K, committed 13360K, reserved 1048576K
Event: 4960.988 GC heap after
Heap after GC invocations=23 (full 4):
 PSYoungGen      total 645632K, used 11911K [0x00000000d5580000, 0x00000000fff00000, 0x0000000100000000)
  eden space 597504K, 0% used [0x00000000d5580000,0x00000000d5580000,0x00000000f9d00000)
  from space 48128K, 24% used [0x00000000f9d00000,0x00000000fa8a1ce8,0x00000000fcc00000)
  to   space 46080K, 0% used [0x00000000fd200000,0x00000000fd200000,0x00000000fff00000)
 ParOldGen       total 200704K, used 139214K [0x0000000080000000, 0x000000008c400000, 0x00000000d5580000)
  object space 200704K, 69% used [0x0000000080000000,0x00000000887f3b80,0x000000008c400000)
 Metaspace       used 95968K, capacity 101666K, committed 101928K, reserved 1138688K
  class space    used 12289K, capacity 13360K, committed 13360K, reserved 1048576K
}
Event: 5099.425 GC heap before
{Heap before GC invocations=24 (full 4):
 PSYoungGen      total 645632K, used 609415K [0x00000000d5580000, 0x00000000fff00000, 0x0000000100000000)
  eden space 597504K, 100% used [0x00000000d5580000,0x00000000f9d00000,0x00000000f9d00000)
  from space 48128K, 24% used [0x00000000f9d00000,0x00000000fa8a1ce8,0x00000000fcc00000)
  to   space 46080K, 0% used [0x00000000fd200000,0x00000000fd200000,0x00000000fff00000)
 ParOldGen       total 200704K, used 139214K [0x0000000080000000, 0x000000008c400000, 0x00000000d5580000)
  object space 200704K, 69% used [0x0000000080000000,0x00000000887f3b80,0x000000008c400000)
 Metaspace       used 96197K, capacity 101962K, committed 102312K, reserved 1138688K
  class space    used 12292K, capacity 13366K, committed 13488K, reserved 1048576K
Event: 5101.213 GC heap after
Heap after GC invocations=24 (full 4):
 PSYoungGen      total 644608K, used 17067K [0x00000000d5580000, 0x00000000ff900000, 0x0000000100000000)
  eden space 604672K, 0% used [0x00000000d5580000,0x00000000d5580000,0x00000000fa400000)
  from space 39936K, 42% used [0x00000000fd200000,0x00000000fe2aacd0,0x00000000ff900000)
  to   space 43520K, 0% used [0x00000000fa400000,0x00000000fa400000,0x00000000fce80000)
 ParOldGen       total 200704K, used 139222K [0x0000000080000000, 0x000000008c400000, 0x00000000d5580000)
  object space 200704K, 69% used [0x0000000080000000,0x00000000887f5b80,0x000000008c400000)
 Metaspace       used 96197K, capacity 101962K, committed 102312K, reserved 1138688K
  class space    used 12292K, capacity 13366K, committed 13488K, reserved 1048576K
}
Event: 14420.405 GC heap before
{Heap before GC invocations=25 (full 4):
 PSYoungGen      total 644608K, used 621739K [0x00000000d5580000, 0x00000000ff900000, 0x0000000100000000)
  eden space 604672K, 100% used [0x00000000d5580000,0x00000000fa400000,0x00000000fa400000)
  from space 39936K, 42% used [0x00000000fd200000,0x00000000fe2aacd0,0x00000000ff900000)
  to   space 43520K, 0% used [0x00000000fa400000,0x00000000fa400000,0x00000000fce80000)
 ParOldGen       total 200704K, used 139222K [0x0000000080000000, 0x000000008c400000, 0x00000000d5580000)
  object space 200704K, 69% used [0x0000000080000000,0x00000000887f5b80,0x000000008c400000)
 Metaspace       used 96421K, capacity 102186K, committed 102312K, reserved 1138688K
  class space    used 12296K, capacity 13370K, committed 13488K, reserved 1048576K
Event: 14421.645 GC heap after
Heap after GC invocations=25 (full 4):
 PSYoungGen      total 620032K, used 43496K [0x00000000d5580000, 0x00000000fef80000, 0x0000000100000000)
  eden space 576512K, 0% used [0x00000000d5580000,0x00000000d5580000,0x00000000f8880000)
  from space 43520K, 99% used [0x00000000fa400000,0x00000000fce7a238,0x00000000fce80000)
  to   space 33792K, 0% used [0x00000000fce80000,0x00000000fce80000,0x00000000fef80000)
 ParOldGen       total 200704K, used 144374K [0x0000000080000000, 0x000000008c400000, 0x00000000d5580000)
  object space 200704K, 71% used [0x0000000080000000,0x0000000088cfda78,0x000000008c400000)
 Metaspace       used 96421K, capacity 102186K, committed 102312K, reserved 1138688K
  class space    used 12296K, capacity 13370K, committed 13488K, reserved 1048576K
}
Event: 14438.719 GC heap before
{Heap before GC invocations=26 (full 4):
 PSYoungGen      total 620032K, used 620008K [0x00000000d5580000, 0x00000000fef80000, 0x0000000100000000)
  eden space 576512K, 100% used [0x00000000d5580000,0x00000000f8880000,0x00000000f8880000)
  from space 43520K, 99% used [0x00000000fa400000,0x00000000fce7a238,0x00000000fce80000)
  to   space 33792K, 0% used [0x00000000fce80000,0x00000000fce80000,0x00000000fef80000)
 ParOldGen       total 200704K, used 144374K [0x0000000080000000, 0x000000008c400000, 0x00000000d5580000)
  object space 200704K, 71% used [0x0000000080000000,0x0000000088cfda78,0x000000008c400000)
 Metaspace       used 96741K, capacity 102550K, committed 102824K, reserved 1138688K
  class space    used 12319K, capacity 13376K, committed 13488K, reserved 1048576K
Event: 14439.874 GC heap after
Heap after GC invocations=26 (full 4):
 PSYoungGen      total 632320K, used 21247K [0x00000000d5580000, 0x0000000100000000, 0x0000000100000000)
  eden space 598528K, 0% used [0x00000000d5580000,0x00000000d5580000,0x00000000f9e00000)
  from space 33792K, 62% used [0x00000000fce80000,0x00000000fe33ff70,0x00000000fef80000)
  to   space 49664K, 0% used [0x00000000f9e00000,0x00000000f9e00000,0x00000000fce80000)
 ParOldGen       total 200704K, used 145010K [0x0000000080000000, 0x000000008c400000, 0x00000000d5580000)
  object space 200704K, 72% used [0x0000000080000000,0x0000000088d9c808,0x000000008c400000)
 Metaspace       used 96741K, capacity 102550K, committed 102824K, reserved 1138688K
  class space    used 12319K, capacity 13376K, committed 13488K, reserved 1048576K
}

Deoptimization events (10 events):
Event: 14425.200 Thread 0x000000001d846800 Uncommon trap: reason=bimorphic action=maybe_recompile pc=0x0000000006963404 method=org.gradle.internal.snapshot.impl.AbstractScalarValueSnapshot.snapshot(Ljava/lang/Object;Lorg/gradle/internal/snapshot/ValueSnapshotter;)Lorg/gradle/internal/snapshot/Valu
Event: 14425.946 Thread 0x000000001e5fa800 Uncommon trap: reason=unstable_if action=reinterpret pc=0x00000000061f50e0 method=java.math.MutableBigInteger.leftShift(I)V @ 4
Event: 14426.012 Thread 0x000000001e5fa800 Uncommon trap: reason=unstable_if action=reinterpret pc=0x000000000528d2f8 method=java.util.zip.DeflaterOutputStream.deflate()V @ 19
Event: 14433.624 Thread 0x000000002071a000 Uncommon trap: reason=null_check action=make_not_entrant pc=0x0000000002a61018 method=org.gradle.api.internal.tasks.properties.bean.AbstractNestedRuntimeBeanNode$BeanPropertyValue.isConfigurable()Z @ 9
Event: 14434.194 Thread 0x000000002071a000 Uncommon trap: reason=unstable_if action=reinterpret pc=0x0000000002abeab0 method=org.gradle.internal.snapshot.impl.AbstractScalarValueSnapshot.equals(Ljava/lang/Object;)Z @ 19
Event: 14444.043 Thread 0x000000001e5ed800 Uncommon trap: reason=class_check action=maybe_recompile pc=0x0000000006b7b314 method=com.android.builder.dexing.ClassBucket.isMemberOfBucket(Ljava/io/File;Ljava/lang/String;)Z @ 7
Event: 14444.051 Thread 0x0000000020722000 Uncommon trap: reason=class_check action=maybe_recompile pc=0x0000000006b7b314 method=com.android.builder.dexing.ClassBucket.isMemberOfBucket(Ljava/io/File;Ljava/lang/String;)Z @ 7
Event: 14444.120 Thread 0x0000000020722000 Uncommon trap: reason=class_check action=maybe_recompile pc=0x0000000006b7b314 method=com.android.builder.dexing.ClassBucket.isMemberOfBucket(Ljava/io/File;Ljava/lang/String;)Z @ 7
Event: 14444.120 Thread 0x0000000020722000 Uncommon trap: reason=class_check action=maybe_recompile pc=0x0000000006b7b314 method=com.android.builder.dexing.ClassBucket.isMemberOfBucket(Ljava/io/File;Ljava/lang/String;)Z @ 7
Event: 14444.120 Thread 0x0000000020722000 Uncommon trap: reason=class_check action=maybe_recompile pc=0x0000000006b76954 method=com.android.builder.dexing.ClassBucket.isMemberOfBucket(Ljava/io/File;Ljava/lang/String;)Z @ 7

Classes redefined (0 events):
No events

Internal exceptions (10 events):
Event: 14440.678 Thread 0x000000002071a000 Exception <a 'sun/nio/fs/WindowsException'> (0x00000000d7753eb8) thrown at [C:\src\AOSP-openjdk-git\hotspot\src\share\vm\prims\jni.cpp, line 710]
Event: 14440.682 Thread 0x000000002071a000 Exception <a 'sun/nio/fs/WindowsException'> (0x00000000d7754ba8) thrown at [C:\src\AOSP-openjdk-git\hotspot\src\share\vm\prims\jni.cpp, line 710]
Event: 14440.685 Thread 0x000000002071a000 Exception <a 'sun/nio/fs/WindowsException'> (0x00000000d775ae10) thrown at [C:\src\AOSP-openjdk-git\hotspot\src\share\vm\prims\jni.cpp, line 710]
Event: 14440.686 Thread 0x000000002071a000 Exception <a 'sun/nio/fs/WindowsException'> (0x00000000d775bad8) thrown at [C:\src\AOSP-openjdk-git\hotspot\src\share\vm\prims\jni.cpp, line 710]
Event: 14440.686 Thread 0x000000002071a000 Exception <a 'sun/nio/fs/WindowsException'> (0x00000000d775c810) thrown at [C:\src\AOSP-openjdk-git\hotspot\src\share\vm\prims\jni.cpp, line 710]
Event: 14440.686 Thread 0x000000002071a000 Exception <a 'sun/nio/fs/WindowsException'> (0x00000000d775e658) thrown at [C:\src\AOSP-openjdk-git\hotspot\src\share\vm\prims\jni.cpp, line 710]
Event: 14440.686 Thread 0x000000002071a000 Exception <a 'sun/nio/fs/WindowsException'> (0x00000000d775f330) thrown at [C:\src\AOSP-openjdk-git\hotspot\src\share\vm\prims\jni.cpp, line 710]
Event: 14440.686 Thread 0x000000002071a000 Exception <a 'sun/nio/fs/WindowsException'> (0x00000000d7760078) thrown at [C:\src\AOSP-openjdk-git\hotspot\src\share\vm\prims\jni.cpp, line 710]
Event: 14445.605 Thread 0x000000001e5ed800 Exception <a 'sun/nio/fs/WindowsException'> (0x00000000da2b8918) thrown at [C:\src\AOSP-openjdk-git\hotspot\src\share\vm\prims\jni.cpp, line 710]
Event: 14446.187 Thread 0x0000000020720000 Exception <a 'sun/nio/fs/WindowsException'> (0x00000000db16cf28) thrown at [C:\src\AOSP-openjdk-git\hotspot\src\share\vm\prims\jni.cpp, line 710]

Events (10 events):
Event: 14444.368 Thread 0x00000000171f4000 flushing nmethod 0x0000000003d905d0
Event: 14444.904 Thread 0x00000000171f4000 flushing nmethod 0x0000000003e1a310
Event: 14446.319 Executing VM operation: RevokeBias
Event: 14446.335 Executing VM operation: RevokeBias done
Event: 14446.335 Thread 0x000000001e5fa800 Thread exited: 0x000000001e5fa800
Event: 14450.444 Thread 0x0000000020720000 DEOPT PACKING pc=0x0000000002a73c82 sp=0x000000002579da90
Event: 14450.477 Thread 0x0000000020720000 DEOPT UNPACKING pc=0x00000000025f75d0 sp=0x000000002579d880 mode 0
Event: 14450.925 Thread 0x0000000020722000 DEOPT PACKING pc=0x0000000004999e4b sp=0x000000002569d160
Event: 14450.941 Thread 0x0000000020722000 DEOPT UNPACKING pc=0x00000000025f75d0 sp=0x000000002569d020 mode 0
Event: 14453.618 Thread 0x000000001e5fc800 Thread added: 0x000000001e5fc800


Dynamic libraries:
0x00007ff783a70000 - 0x00007ff783aa1000 	C:\Program Files\Android\Android Studio\jre\bin\java.exe
0x00007ffc66cd0000 - 0x00007ffc66ec6000 	C:\Windows\SYSTEM32\ntdll.dll
0x00007ffc65cf0000 - 0x00007ffc65dad000 	C:\Windows\System32\KERNEL32.DLL
0x00007ffc64570000 - 0x00007ffc64838000 	C:\Windows\System32\KERNELBASE.dll
0x00007ffc664e0000 - 0x00007ffc6658a000 	C:\Windows\System32\ADVAPI32.dll
0x00007ffc66a70000 - 0x00007ffc66b0e000 	C:\Windows\System32\msvcrt.dll
0x00007ffc65f00000 - 0x00007ffc65f9b000 	C:\Windows\System32\sechost.dll
0x00007ffc64e70000 - 0x00007ffc64f94000 	C:\Windows\System32\RPCRT4.dll
0x00007ffc66590000 - 0x00007ffc66730000 	C:\Windows\System32\USER32.dll
0x00007ffc64cb0000 - 0x00007ffc64cd2000 	C:\Windows\System32\win32u.dll
0x00007ffc66890000 - 0x00007ffc668ba000 	C:\Windows\System32\GDI32.dll
0x00007ffc649f0000 - 0x00007ffc64af9000 	C:\Windows\System32\gdi32full.dll
0x00007ffc64420000 - 0x00007ffc644bd000 	C:\Windows\System32\msvcp_win.dll
0x00007ffc64840000 - 0x00007ffc64940000 	C:\Windows\System32\ucrtbase.dll
0x00007ffc4ce70000 - 0x00007ffc4d10b000 	C:\Windows\WinSxS\amd64_microsoft.windows.common-controls_6595b64144ccf1df_6.0.19041.488_none_ca04af081b815d21\COMCTL32.dll
0x00007ffc667e0000 - 0x00007ffc66810000 	C:\Windows\System32\IMM32.DLL
0x0000000072810000 - 0x00000000728e2000 	C:\Program Files\Android\Android Studio\jre\jre\bin\msvcr100.dll
0x0000000071060000 - 0x00000000718ab000 	C:\Program Files\Android\Android Studio\jre\jre\bin\server\jvm.dll
0x00007ffc66810000 - 0x00007ffc66818000 	C:\Windows\System32\PSAPI.DLL
0x00007ffc5e710000 - 0x00007ffc5e71a000 	C:\Windows\SYSTEM32\VERSION.dll
0x00007ffc60770000 - 0x00007ffc60779000 	C:\Windows\SYSTEM32\WSOCK32.dll
0x00007ffc5b3d0000 - 0x00007ffc5b3f7000 	C:\Windows\SYSTEM32\WINMM.dll
0x00007ffc65020000 - 0x00007ffc6508b000 	C:\Windows\System32\ws2_32.DLL
0x00007ffc60760000 - 0x00007ffc6076f000 	C:\Program Files\Android\Android Studio\jre\jre\bin\verify.dll
0x00007ffc49160000 - 0x00007ffc49189000 	C:\Program Files\Android\Android Studio\jre\jre\bin\java.dll
0x00007ffc5c5f0000 - 0x00007ffc5c606000 	C:\Program Files\Android\Android Studio\jre\jre\bin\zip.dll
0x00007ffc65090000 - 0x00007ffc657d0000 	C:\Windows\System32\SHELL32.dll
0x00007ffc62590000 - 0x00007ffc62d24000 	C:\Windows\SYSTEM32\windows.storage.dll
0x00007ffc66110000 - 0x00007ffc66465000 	C:\Windows\System32\combase.dll
0x00007ffc63e90000 - 0x00007ffc63ebc000 	C:\Windows\SYSTEM32\Wldp.dll
0x00007ffc66730000 - 0x00007ffc667de000 	C:\Windows\System32\SHCORE.dll
0x00007ffc66470000 - 0x00007ffc664c5000 	C:\Windows\System32\shlwapi.dll
0x00007ffc64350000 - 0x00007ffc64376000 	C:\Windows\SYSTEM32\profapi.dll
0x00007ffc5c530000 - 0x00007ffc5c54a000 	C:\Program Files\Android\Android Studio\jre\jre\bin\net.dll
0x00007ffc63c10000 - 0x00007ffc63c7a000 	C:\Windows\system32\mswsock.dll
0x00007ffc48eb0000 - 0x00007ffc48ec3000 	C:\Program Files\Android\Android Studio\jre\jre\bin\nio.dll
0x00007ffc473c0000 - 0x00007ffc473e6000 	C:\Users\Andres\.gradle\native\31\windows-amd64\native-platform.dll
0x00007ffc60740000 - 0x00007ffc6074d000 	C:\Program Files\Android\Android Studio\jre\jre\bin\management.dll
0x00007ffc63df0000 - 0x00007ffc63e08000 	C:\Windows\SYSTEM32\CRYPTSP.dll
0x00007ffc63530000 - 0x00007ffc63564000 	C:\Windows\system32\rsaenh.dll
0x00007ffc64540000 - 0x00007ffc64567000 	C:\Windows\System32\bcrypt.dll
0x00007ffc64310000 - 0x00007ffc6433e000 	C:\Windows\SYSTEM32\USERENV.dll
0x00007ffc644c0000 - 0x00007ffc6453f000 	C:\Windows\System32\bcryptprimitives.dll
0x00007ffc63de0000 - 0x00007ffc63dec000 	C:\Windows\SYSTEM32\CRYPTBASE.dll
0x00007ffc638b0000 - 0x00007ffc638eb000 	C:\Windows\SYSTEM32\IPHLPAPI.DLL
0x00007ffc66820000 - 0x00007ffc66829000 	C:\Windows\System32\NSI.dll
0x00007ffc5d9b0000 - 0x00007ffc5d9c7000 	C:\Windows\SYSTEM32\dhcpcsvc6.DLL
0x00007ffc5d960000 - 0x00007ffc5d97d000 	C:\Windows\SYSTEM32\dhcpcsvc.DLL
0x00007ffc638f0000 - 0x00007ffc639bb000 	C:\Windows\SYSTEM32\DNSAPI.dll

VM Arguments:
jvm_args: -Xmx2048m -Dfile.encoding=windows-1252 -Duser.country=CO -Duser.language=es -Duser.variant 
java_command: org.gradle.launcher.daemon.bootstrap.GradleDaemon 6.1.1
java_class_path (initial): C:\Users\Andres\.gradle\wrapper\dists\gradle-6.1.1-all\cfmwm155h49vnt3hynmlrsdst\gradle-6.1.1\lib\gradle-launcher-6.1.1.jar
Launcher Type: SUN_STANDARD

Environment Variables:
PATH=C:\Program Files (x86)\NVIDIA Corporation\PhysX\Common;C:\Windows\system32;C:\Windows;C:\Windows\System32\Wbem;C:\Windows\System32\WindowsPowerShell\v1.0\;C:\Windows\System32\OpenSSH\;C:\Program Files\Git\cmd;C:\Users\Andres\AppData\Local\Microsoft\WindowsApps;;C:\Users\Andres\AppData\Local\Programs\Microsoft VS Code\bin
USERNAME=Andres
OS=Windows_NT
PROCESSOR_IDENTIFIER=Intel64 Family 6 Model 158 Stepping 9, GenuineIntel



---------------  S Y S T E M  ---------------

OS: Windows 10.0 , 64 bit Build 19041 (10.0.19041.546)

CPU:total 4 (initial active 4) (4 cores per cpu, 1 threads per core) family 6 model 158 stepping 9, cmov, cx8, fxsr, mmx, sse, sse2, sse3, ssse3, sse4.1, sse4.2, popcnt, avx, avx2, aes, clmul, erms, 3dnowpref, lzcnt, tsc, tscinvbit, bmi1, bmi2, adx

Memory: 4k page, physical 4119832k(14092k free), swap 16702744k(772k free)

vm_info: OpenJDK 64-Bit Server VM (25.242-b01) for windows-amd64 JRE (1.8.0_242-release-1644-b01), built by "builder" with MS VC++ 10.0 (VS2010)

time: Tue Oct 20 15:51:30 2020
timezone: Hora est. Pacífico, Sudamérica
elapsed time: 14458 seconds (0d 4h 0m 58s)

